2025-12-17 09:48:40,951 :INFO : test_VerifyCategoriesItems :Se está por loguear en la página
2025-12-17 09:50:03,503 :INFO : test_VerifyCanNotAddedAFavoriteProductWithOutLogin :Se está por loguear en la página
2025-12-17 09:51:01,380 :INFO : test_VerifyCanNotAddedAFavoriteProductWithOutLogin :Se está por loguear en la página
2025-12-17 09:55:04,285 :INFO : test_VerifyCanNotAddedAFavoriteProductWithOutLogin :Se está por loguear en la página
2025-12-17 09:58:35,074 :INFO : test_VerifyCanNotAddedAFavoriteProductWithOutLogin :Se está por loguear en la página
2025-12-17 09:59:10,802 :INFO : test_VerifyCanNotAddedAFavoriteProductWithOutLogin :Se está por loguear en la página
2025-12-17 10:00:35,562 :INFO : test_VerifyCanNotAddedAFavoriteProductWithOutLogin :Se está por loguear en la página
2025-12-17 10:04:25,485 :INFO : test_VerifyCanNotAddedAFavoriteProductWithOutLogin :Se está por loguear en la página
2025-12-17 10:05:07,020 :INFO : test_VerifyCanNotAddedAFavoriteProductWithOutLogin :Se está por loguear en la página
2025-12-17 10:08:05,284 :INFO : test_VerifyCanNotAddedAFavoriteProductWithOutLogin :Se está por loguear en la página
2025-12-17 10:09:53,302 :INFO : test_VerifyCanNotAddedAFavoriteProductWithOutLogin :Se está por loguear en la página
2025-12-17 10:10:56,707 :INFO : test_VerifyCanNotAddedAFavoriteProductWithOutLogin :Se está por loguear en la página
2025-12-17 10:11:33,939 :INFO : test_VerifyCanNotAddedAFavoriteProductWithOutLogin :Se está por loguear en la página
2025-12-17 10:11:59,433 :INFO : test_VerifyCanIAddedAProductToCartAndCheckTheQuantity :Se está por loguear en la página
2025-12-17 10:17:26,760 :INFO : test_VerifyCanIAddedAProductToCartAndCheckTheQuantity :Se está por loguear en la página
2025-12-17 10:18:06,829 :INFO : test_VerifyCanIAddedAProductToCartAndCheckTheQuantity :Se está por loguear en la página
2025-12-17 10:18:41,268 :INFO : test_VerifyCanIAddedAProductToCartAndCheckTheQuantity :Se está por loguear en la página
2025-12-17 10:19:28,988 :INFO : test_VerifyNoResultsMessage :Se quiere verificar que no haya resultados
2025-12-17 10:19:50,681 :INFO : test_VerifyForOutOfStockProductYouCantAddToCart :Se está por loguear en la página
2025-12-17 10:20:05,409 :INFO : test_FoundProductsWithEcoLabels :Se está por loguear en la página
2025-12-17 10:24:20,127 :INFO : test_FoundProductsWithEcoLabels :Se está por loguear en la página
2025-12-17 10:29:02,179 :INFO : test_FoundProductsWithEcoLabels :Se está por loguear en la página
2025-12-17 10:30:13,380 :INFO : test_FoundProductsWithEcoLabels :Se está por loguear en la página
2025-12-17 10:34:34,597 :INFO : test_FoundProductsWithEcoLabels :Se está por loguear en la página
2025-12-17 10:36:13,379 :INFO : test_FoundProductsWithEcoLabels :Se está por loguear en la página
2025-12-17 10:37:49,962 :INFO : test_FoundProductsWithEcoLabels :Se está por loguear en la página
2025-12-17 10:40:07,762 :INFO : test_FoundProductsWithEcoLabels :Se está por loguear en la página
2025-12-17 10:44:11,840 :INFO : test_FoundProductsWithEcoLabels :Se está por loguear en la página
2025-12-17 10:46:32,974 :INFO : test_FoundProductsWithEcoLabels :Se está por loguear en la página
2025-12-17 10:48:29,537 :INFO : test_FoundProductsWithEcoLabels :Se está por loguear en la página
2025-12-17 10:49:06,404 :INFO : test_FoundProductsWithEcoLabels :Se está por loguear en la página
2025-12-17 10:50:57,390 :INFO : test_FoundProductsWithEcoLabels :Se está por loguear en la página
2025-12-17 10:52:16,858 :INFO : test_FoundProductsWithEcoLabels :Se está por loguear en la página
2025-12-17 10:57:15,777 :INFO : test_FoundProductsWithEcoLabels :Se está por loguear en la página
2025-12-17 10:59:32,115 :INFO : test_FoundProductsWithEcoLabels :Se está por loguear en la página
2025-12-17 11:00:02,926 :INFO : test_VerifyCanIAddedAProductToCartAndCheckTheQuantity :Se está por loguear en la página
2025-12-17 11:00:37,574 :INFO : test_VerifyCanIAddedAProductToCartAndCheckTheQuantity :Se está por loguear en la página
2025-12-17 11:00:59,922 :INFO : test_FoundProductsWithEcoLabels :Se está por loguear en la página
2025-12-17 11:02:25,886 :INFO : test_FoundProductsWithEcoLabels :Se está por loguear en la página
2025-12-17 14:04:32,942 :INFO : test_FoundProductsWithEcoLabels :Se está por loguear en la página
2025-12-17 14:09:54,700 :INFO : test_FoundProductsWithEcoLabels :Se está por loguear en la página
2025-12-17 14:12:08,535 :INFO : test_FoundProductsWithEcoLabels :Se está por loguear en la página
2025-12-17 14:14:16,075 :INFO : test_FoundProductsWithEcoLabels :Se está por loguear en la página
2025-12-17 14:15:57,401 :INFO : test_FoundProductsWithEcoLabels :Se está por loguear en la página
2025-12-17 14:19:40,508 :INFO : test_FoundProductsWithEcoLabels :Se está por loguear en la página
2025-12-17 14:24:18,632 :INFO : test_FoundProductsWithEcoLabels :Se está por loguear en la página
2025-12-17 14:24:35,931 :INFO : test_FoundProductsWithEcoLabels :Se está por loguear en la página
2025-12-17 14:25:05,117 :INFO : test_FoundProductsWithEcoLabels :Se está por loguear en la página
2025-12-17 14:32:15,509 :INFO : test_FoundProductsWithEcoLabels :Se está por loguear en la página
2025-12-17 14:35:19,231 :INFO : test_FoundProductsWithEcoLabels :Se está por loguear en la página
2025-12-17 14:40:20,424 :INFO : test_FoundProductsWithEcoLabels :Se está por loguear en la página
2025-12-17 14:44:34,399 :INFO : test_FoundProductsWithEcoLabels :Se está por loguear en la página
2025-12-17 14:46:19,172 :INFO : test_FoundProductsWithEcoLabels :Se está por loguear en la página
2025-12-17 15:04:02,047 :INFO : test_FoundProductsWithEcoLabels :Se está por loguear en la página
2025-12-17 15:10:40,665 :INFO : test_VerifyForOutOfStockProductYouCantAddToCart :Se está por loguear en la página
2025-12-17 15:11:16,121 :INFO : test_RegisterUserWithJsonFile :Se está por loguear en la página
2025-12-17 15:11:35,079 :INFO : test_VerifyToCompletePayment :Se está por loguear en la página
2025-12-17 15:21:26,354 :INFO : test_VerifyToCompletePayment :Se está por loguear en la página
2025-12-17 15:22:30,056 :INFO : test_VerifyToCompletePayment :Se está por loguear en la página
2025-12-17 15:26:27,527 :INFO : test_VerifyToCompletePayment :Se está por loguear en la página
2025-12-17 15:30:20,784 :INFO : test_VerifyToCompletePayment :Se está por loguear en la página
2025-12-17 15:35:32,452 :INFO : test_VerifyTotalPriceFromCheckoutPage :Se está por loguear en la página
2025-12-17 15:36:26,868 :INFO : test_VerifyTheUpdatedAddressFromMyProfile :Se está por loguear en la página
2025-12-17 15:37:53,799 :INFO : test_VerifyIfAProductExistThroughPagination :Se está por loguear en la página
2025-12-17 15:38:20,144 :INFO : test_VerifyIfAProductExistThroughPagination :Se está por loguear en la página
2025-12-18 18:21:55,267 :INFO : test_RegisterUserWithJsonFile :Se está por loguear en la página
2025-12-18 18:23:16,112 :INFO : test_VerifyTheCo2CategoryForAProduct :Se está por loguear en la página
2025-12-18 18:25:00,427 :INFO : test_VerifyTheCo2CategoryForAProduct :Se está por loguear en la página
2025-12-18 18:49:32,773 :INFO : test_VerifyTheCo2CategoryForAProduct :Se está por loguear en la página
2025-12-18 18:59:23,003 :INFO : test_VerifyTheCo2CategoryForAProduct :Se está por loguear en la página
2025-12-18 19:01:55,954 :INFO : test_VerifyTheCo2CategoryForAProduct :Se está por loguear en la página
2025-12-18 19:02:58,326 :INFO : test_VerifyTheCo2CategoryForAProduct :Se está por loguear en la página
2025-12-18 19:04:36,558 :INFO : test_VerifyTheCo2CategoryForAProduct :Se está por loguear en la página
2025-12-18 19:05:13,497 :INFO : test_VerifyTheCo2CategoryForAProduct :Se está por loguear en la página
2025-12-23 12:32:08,991 :INFO : test_CleanTheShoppingCart :Se está por loguear en la página
2025-12-23 12:33:24,164 :INFO : test_CleanTheShoppingCart :Se está por loguear en la página
2025-12-29 14:22:19,265 :INFO : test_VerifyHandsToolsCheckbox :Se está por loguear en la página
2026-01-05 16:58:48,409 :INFO : test_VerifyQtyAndTotalAmount :Se está por loguear en la página
2026-01-05 16:59:46,584 :INFO : test_VerifyQtyAndTotalAmount :Se está por loguear en la página
2026-01-05 17:01:57,219 :INFO : test_VerifyTheCo2CategoryForAProduct :Se está por loguear en la página
2026-01-05 17:03:03,652 :INFO : test_VerifyQtyAndTotalAmount :Se está por loguear en la página
2026-01-05 17:04:23,186 :INFO : test_ChangeLanguage :Change Language test
2026-01-05 17:04:55,880 :INFO : test_VerifyQtyAndTotalAmount :Se está por loguear en la página
2026-01-05 17:06:10,887 :INFO : test_RegisterUserWithJsonFile :Se está por loguear en la página
2026-01-05 17:06:46,410 :INFO : test_VerifyQtyAndTotalAmount :Se está por loguear en la página
2026-01-05 17:08:28,997 :INFO : test_VerifyQtyAndTotalAmount :Se está por loguear en la página
2026-01-05 17:12:27,974 :INFO : test_VerifyQtyAndTotalAmount :Se está por loguear en la página
2026-01-05 17:13:53,356 :INFO : test_VerifyQtyAndTotalAmount :Se está por loguear en la página
2026-01-05 17:14:30,035 :INFO : test_VerifyQtyAndTotalAmount :Se está por loguear en la página
2026-01-05 17:15:48,521 :INFO : test_VerifyQtyAndTotalAmount :Se está por loguear en la página
2026-01-05 17:16:21,392 :INFO : test_VerifyQtyAndTotalAmount :Se está por loguear en la página
2026-01-05 17:16:58,522 :INFO : test_VerifyQtyAndTotalAmount :Se está por loguear en la página
2026-01-05 17:17:34,349 :INFO : test_VerifyQtyAndTotalAmount :Se está por loguear en la página
2026-01-05 17:26:13,702 :INFO : test_VerifyQtyAndTotalAmount :Se está por loguear en la página
2026-01-05 17:26:35,684 :INFO : test_VerifyQtyAndTotalAmount :Se está por loguear en la página
2026-01-06 12:07:29,664 :INFO : test_RegisterUserWithJsonFile :Se está por loguear en la página
2026-01-06 12:10:14,724 :INFO : test_RegisterUserWithJsonFile :Se está por loguear en la página
2026-01-06 12:11:17,611 :INFO : test_RegisterUserWithJsonFile :Se está por loguear en la página
2026-01-06 12:11:47,289 :INFO : test_VerifyQtyAndTotalAmount :Se está por loguear en la página
2026-01-06 12:18:18,107 :INFO : test_VerifyQtyAndTotalAmount :Se está por loguear en la página
2026-01-06 12:23:37,017 :INFO : test_VerifyQtyAndTotalAmount :Se está por loguear en la página
2026-01-06 12:25:21,743 :INFO : test_VerifyQtyAndTotalAmount :Se está por loguear en la página
2026-01-06 12:27:19,412 :INFO : test_CleanTheShoppingCart :Se está por loguear en la página
2026-01-10 18:08:33,010 :INFO : test_VerifyQtyAndTotalAmount :Se está por loguear en la página
2026-01-10 18:10:12,786 :INFO : test_VerifyQtyAndTotalAmount :Se está por loguear en la página
2026-01-10 18:10:57,329 :INFO : test_VerifyQtyAndTotalAmount :Se está por loguear en la página
2026-01-10 18:11:14,666 :INFO : test_VerifyQtyAndTotalAmount :Se está por loguear en la página
2026-01-10 18:12:34,142 :INFO : test_VerifyQtyAndTotalAmount :Se está por loguear en la página
2026-01-10 18:12:58,570 :INFO : test_RegisterUserWithJsonFile :Se está por loguear en la página
2026-01-10 18:13:56,262 :INFO : test_RegisterUserWithJsonFile :Se está por loguear en la página
2026-01-10 18:14:26,139 :INFO : test_VerifyQtyAndTotalAmount :Se está por loguear en la página
2026-01-10 18:16:16,212 :INFO : test_VerifyQtyAndTotalAmount :Se está por loguear en la página
2026-01-10 18:47:51,422 :INFO : test_VerifyQtyAndTotalAmount :Se está por loguear en la página
2026-01-10 18:48:59,257 :INFO : test_VerifyQtyAndTotalAmount :Se está por loguear en la página
2026-01-10 18:52:07,656 :INFO : test_VerifyQtyAndTotalAmount :Se está por loguear en la página
2026-01-10 18:52:28,587 :INFO : test_VerifyQtyAndTotalAmount :Se está por loguear en la página
2026-01-10 18:58:00,873 :INFO : test_VerifyQtyAndTotalAmount :Se está por loguear en la página
2026-01-11 09:54:36,782 :INFO : test_RegisterUserWithJsonFile :Se está por loguear en la página
2026-01-11 09:55:38,436 :INFO : test_VerifyQtyAndTotalAmount :Se está por loguear en la página
2026-01-11 10:00:06,924 :INFO : test_VerifyQtyAndTotalAmount :Se está por loguear en la página
2026-01-11 10:01:07,492 :INFO : test_VerifyQtyAndTotalAmount :Se está por loguear en la página
2026-01-11 10:01:48,989 :INFO : test_VerifyQtyAndTotalAmount :Se está por loguear en la página
2026-01-11 10:13:45,318 :INFO : test_VerifyQtyAndTotalAmount :Se está por loguear en la página
2026-01-11 10:20:40,408 :INFO : test_VerifyQtyAndTotalAmount :Se está por loguear en la página
2026-01-11 12:45:29,486 :INFO : test_VerifyQtyAndTotalAmount :Se está por loguear en la página
2026-01-11 12:55:32,720 :INFO : test_VerifyQtyAndTotalAmount :Se está por loguear en la página
2026-01-11 12:56:23,513 :INFO : test_VerifyQtyAndTotalAmount :Se está por loguear en la página
2026-01-11 12:57:01,772 :INFO : test_VerifyQtyAndTotalAmount :Se está por loguear en la página
2026-01-11 13:01:17,476 :INFO : test_RegisterUserWithJsonFile :Se está por loguear en la página
2026-01-11 13:03:56,044 :INFO : test_VerifyQtyAndTotalAmount :Se está por loguear en la página
2026-01-11 13:09:20,875 :INFO : test_VerifyQtyAndTotalAmount :Se está por loguear en la página
2026-01-11 13:09:38,542 :INFO : test_VerifyQtyAndTotalAmount :Se está por loguear en la página
2026-01-11 18:44:34,370 :INFO : test_VerifyQtyAndTotalAmount :Se está por loguear en la página
2026-01-11 18:46:08,090 :INFO : test_RegisterUserWithJsonFile :Se está por loguear en la página
2026-01-11 18:48:11,261 :INFO : test_RegisterUserWithJsonFile :Se está por loguear en la página
2026-01-11 18:48:38,196 :INFO : test_RegisterUserWithJsonFile :Se está por loguear en la página
2026-01-11 18:49:08,847 :INFO : test_VerifyQtyAndTotalAmount :Se está por loguear en la página
2026-01-11 18:51:53,828 :INFO : test_VerifyQtyAndTotalAmount :Se está por loguear en la página
2026-01-11 18:52:57,171 :INFO : test_VerifyQtyAndTotalAmount :Se está por loguear en la página
2026-01-11 18:56:15,045 :INFO : test_VerifyQtyAndTotalAmount :Se está por loguear en la página
2026-01-11 18:58:44,712 :INFO : test_VerifyQtyAndTotalAmount :Se está por loguear en la página
2026-01-11 19:05:28,542 :INFO : test_VerifyQtyAndTotalAmount :Se está por loguear en la página
2026-01-11 19:06:15,921 :INFO : test_VerifyQtyAndTotalAmount :Se está por loguear en la página
2026-01-11 19:06:55,066 :INFO : test_RegisterUserWithJsonFile :Se está por loguear en la página
2026-01-11 19:07:11,944 :INFO : test_VerifyQtyAndTotalAmount :Se está por loguear en la página
2026-01-11 19:11:44,960 :INFO : test_VerifyQtyAndTotalAmount :Se está por loguear en la página
2026-01-11 19:14:29,208 :INFO : test_VerifyQtyAndTotalAmount :Se está por loguear en la página
2026-01-11 19:17:49,813 :INFO : test_VerifyQtyAndTotalAmount :Se está por loguear en la página
2026-01-11 19:19:05,140 :INFO : test_VerifyQtyAndTotalAmount :Se está por loguear en la página
2026-01-11 19:19:50,715 :INFO : test_VerifyQtyAndTotalAmount :Se está por loguear en la página
2026-01-11 19:21:00,943 :INFO : test_VerifyQtyAndTotalAmount :Se está por loguear en la página
2026-01-11 19:22:55,615 :INFO : test_VerifyQtyAndTotalAmount :Se está por loguear en la página
2026-01-11 19:23:50,374 :INFO : test_VerifyQtyAndTotalAmount :Se está por loguear en la página
2026-01-13 16:43:08,549 :INFO : test_VerifyQtyAndTotalAmount :Se está por loguear en la página
2026-01-13 16:43:52,345 :INFO : test_RegisterUserWithJsonFile :Se está por loguear en la página
2026-01-13 16:44:08,882 :INFO : test_VerifyQtyAndTotalAmount :Se está por loguear en la página
2026-01-14 12:05:00,435 :INFO : test_RegisterUserWithJsonFile :Se está por loguear en la página
2026-01-14 12:05:18,475 :INFO : test_VerifyQtyAndTotalAmount :Se está por loguear en la página
2026-01-14 12:05:43,071 :INFO : test_VerifyQtyAndTotalAmount :Se está por loguear en la página
2026-01-14 12:33:17,974 :INFO : test_VerifyQtyAndTotalAmount :Se está por loguear en la página
2026-01-14 12:37:07,273 :INFO : test_VerifyQtyAndTotalAmount :Se está por loguear en la página
2026-01-14 12:41:20,199 :INFO : test_VerifyQtyAndTotalAmount :Se está por loguear en la página
2026-01-14 12:42:06,975 :INFO : test_VerifyQtyAndTotalAmount :Se está por loguear en la página
2026-01-14 12:51:04,291 :INFO : test_VerifyQtyAndTotalAmount :Se está por loguear en la página
2026-01-14 12:52:54,021 :INFO : test_VerifyQtyAndTotalAmount :Se está por loguear en la página
2026-01-14 12:54:06,583 :INFO : test_VerifyQtyAndTotalAmount :Se está por loguear en la página
2026-01-14 12:54:37,594 :INFO : test_VerifyQtyAndTotalAmount :Se está por loguear en la página
2026-01-14 12:55:05,445 :INFO : test_VerifyQtyAndTotalAmount :Se está por loguear en la página
